<?xml version="1.0" encoding="UTF-8"?>
<!-- Generated by org.testng.reporters.JUnitXMLReporter -->
<testsuite ignored="0" hostname="LAPTOP-Q2979MSC" failures="0" tests="5" name="Test-Case-2" time="35.071" errors="0" timestamp="2021-07-13T02:20:58 PST">
  <testcase classname="tests.TestCase2" name="testCase2" time="2.4"/>
  <testcase classname="tests.TestCase2" name="testCase2" time="11.817"/>
  <testcase classname="tests.TestCase2" name="testCase2" time="1.741"/>
  <testcase classname="tests.TestCase2" name="testCase2" time="1.773"/>
  <testcase classname="tests.TestCase2" name="testCase2" time="13.272"/>
</testsuite> <!-- Test-Case-2 -->
