<?xml version="1.0" encoding="UTF-8"?>
<!-- Generated by org.testng.reporters.JUnitXMLReporter -->
<testsuite ignored="0" hostname="LAPTOP-Q2979MSC" failures="0" tests="1" name="Test-Case-1" time="6.369" errors="0" timestamp="2021-07-13T02:20:23 PST">
  <testcase classname="tests.TestCase1" name="testCase1" time="1.566"/>
</testsuite> <!-- Test-Case-1 -->
