<?xml version="1.0" encoding="UTF-8"?>
<!-- Generated by org.testng.reporters.JUnitXMLReporter -->
<testsuite ignored="0" hostname="LAPTOP-Q2979MSC" failures="0" tests="1" name="Test-Case-3" time="5.794" errors="0" timestamp="2021-07-13T02:21:04 PST">
  <testcase classname="tests.TestCase3" name="testCase3" time="1.775"/>
</testsuite> <!-- Test-Case-3 -->
