<?xml version="1.0" encoding="UTF-8"?>
<!-- Generated by org.testng.reporters.JUnitXMLReporter -->
<testsuite ignored="0" hostname="LAPTOP-Q2979MSC" failures="0" tests="1" name="Test-Case-4" time="6.877" errors="0" timestamp="2021-07-13T02:21:11 PST">
  <testcase classname="tests.TestCase4" name="testCase4" time="2.99"/>
</testsuite> <!-- Test-Case-4 -->
