<?xml version="1.0" encoding="UTF-8"?>
<!-- Generated by org.testng.reporters.JUnitReportReporter -->
<testsuite hostname="LAPTOP-Q2979MSC" failures="0" tests="1" name="tests.TestCase3" time="1.775" errors="0" timestamp="2021-07-13T02:21:11 PST" skipped="0">
  <testcase classname="tests.TestCase3" name="testCase3" time="1.775"/>
</testsuite> <!-- tests.TestCase3 -->
