<?xml version="1.0" encoding="UTF-8"?>
<!-- Generated by org.testng.reporters.JUnitReportReporter -->
<testsuite hostname="LAPTOP-Q2979MSC" failures="0" tests="8" name="tests.TestSuite1" time="46.616" errors="0" timestamp="2021-07-13T02:06:09 PST" skipped="0">
  <testcase classname="tests.TestSuite1" name="testCase1" time="2.547"/>
  <testcase classname="tests.TestSuite1" name="testCase2" time="12.823"/>
  <testcase classname="tests.TestSuite1" name="testCase2" time="3.727"/>
  <testcase classname="tests.TestSuite1" name="testCase4" time="1.908"/>
  <testcase classname="tests.TestSuite1" name="testCase2" time="5.361"/>
  <testcase classname="tests.TestSuite1" name="testCase2" time="16.184"/>
  <testcase classname="tests.TestSuite1" name="testCase3" time="1.907"/>
  <testcase classname="tests.TestSuite1" name="testCase2" time="2.159"/>
</testsuite> <!-- tests.TestSuite1 -->
