<?xml version="1.0" encoding="UTF-8"?>
<!-- Generated by org.testng.reporters.JUnitReportReporter -->
<testsuite hostname="LAPTOP-Q2979MSC" failures="0" tests="1" name="tests.TestCase1" time="1.566" errors="0" timestamp="2021-07-13T02:21:11 PST" skipped="0">
  <testcase classname="tests.TestCase1" name="testCase1" time="1.566"/>
</testsuite> <!-- tests.TestCase1 -->
