<?xml version="1.0" encoding="UTF-8"?>
<!-- Generated by org.testng.reporters.JUnitReportReporter -->
<testsuite hostname="LAPTOP-Q2979MSC" failures="0" tests="5" name="tests.TestCase2" time="31.003" errors="0" timestamp="2021-07-13T02:21:11 PST" skipped="0">
  <testcase classname="tests.TestCase2" name="testCase2" time="1.773"/>
  <testcase classname="tests.TestCase2" name="testCase2" time="13.272"/>
  <testcase classname="tests.TestCase2" name="testCase2" time="1.741"/>
  <testcase classname="tests.TestCase2" name="testCase2" time="2.400"/>
  <testcase classname="tests.TestCase2" name="testCase2" time="11.817"/>
</testsuite> <!-- tests.TestCase2 -->
